--- Copying files at Sun May  4 00:50:46 UTC 2025
--- Copied files finished at Sun May  4 00:50:46 UTC 2025
--- Copying files at Sun May  4 21:44:45 UTC 2025
--- Copied files finished at Sun May  4 21:44:45 UTC 2025
--- Copying files at Sun May  4 21:47:10 UTC 2025
--- Copied files finished at Sun May  4 21:47:10 UTC 2025
--- Copying files at Fri May  9 11:36:26 UTC 2025
--- Copied files finished at Fri May  9 11:36:26 UTC 2025
--- Copying files at Fri May  9 12:07:37 UTC 2025
--- Copied files finished at Fri May  9 12:07:38 UTC 2025
--- Copying files at Mon May 12 00:39:07 UTC 2025
--- Copied files finished at Mon May 12 00:39:07 UTC 2025
--- Copying files at Tue May 13 03:31:31 UTC 2025
--- Copied files finished at Tue May 13 03:31:31 UTC 2025
--- Copying files at Wed May 14 00:46:06 UTC 2025
--- Copied files finished at Wed May 14 00:46:06 UTC 2025
--- Copying files at Wed May 14 04:03:21 UTC 2025
--- Copied files finished at Wed May 14 04:03:21 UTC 2025
--- Copying files at Wed May 14 04:37:03 UTC 2025
--- Copied files finished at Wed May 14 04:37:03 UTC 2025
--- Copying files at Wed May 14 04:50:29 UTC 2025
--- Copied files finished at Wed May 14 04:50:29 UTC 2025
--- Copying files at Fri May 16 03:05:27 UTC 2025
--- Copied files finished at Fri May 16 03:05:27 UTC 2025
--- Copying files at Fri May 16 10:42:38 UTC 2025
--- Copied files finished at Fri May 16 10:42:38 UTC 2025
--- Copying files at Fri May 16 10:58:18 UTC 2025
--- Copied files finished at Fri May 16 10:58:18 UTC 2025
--- Copying files at Fri May 16 12:02:29 UTC 2025
--- Copied files finished at Fri May 16 12:02:29 UTC 2025
--- Copying files at Fri May 16 12:09:29 UTC 2025
--- Copied files finished at Fri May 16 12:09:29 UTC 2025
--- Copying files at Sun May 18 00:20:55 UTC 2025
--- Copied files finished at Sun May 18 00:20:55 UTC 2025
--- Copying files at Sun May 18 00:25:54 UTC 2025
--- Copied files finished at Sun May 18 00:25:54 UTC 2025
--- Copying files at Sun May 18 13:44:03 UTC 2025
--- Copied files finished at Sun May 18 13:44:03 UTC 2025
--- Copying files at Sun May 18 13:56:35 UTC 2025
--- Copied files finished at Sun May 18 13:56:35 UTC 2025
