--- Copying files at Tue May  6 14:34:42 UTC 2025
--- Copied files finished at Tue May  6 14:34:42 UTC 2025
--- Copying files at Tue May  6 16:05:51 UTC 2025
--- Copied files finished at Tue May  6 16:05:51 UTC 2025
--- Copying files at Tue May  6 23:37:02 UTC 2025
--- Copied files finished at Tue May  6 23:37:02 UTC 2025
--- Copying files at Tue May  6 23:38:20 UTC 2025
--- Copied files finished at Tue May  6 23:38:20 UTC 2025
--- Copying files at Tue May  6 23:41:14 UTC 2025
--- Copied files finished at Tue May  6 23:41:14 UTC 2025
--- Copying files at Thu May  8 09:55:17 UTC 2025
--- Copied files finished at Thu May  8 09:55:17 UTC 2025
--- Copying files at Thu May  8 10:11:36 UTC 2025
--- Copied files finished at Thu May  8 10:11:36 UTC 2025
--- Copying files at Fri May  9 11:36:26 UTC 2025
--- Copied files finished at Fri May  9 11:36:26 UTC 2025
--- Copying files at Fri May  9 12:07:37 UTC 2025
--- Copied files finished at Fri May  9 12:07:37 UTC 2025
--- Copying files at Fri May  9 13:33:50 UTC 2025
--- Copied files finished at Fri May  9 13:33:50 UTC 2025
--- Copying files at Sun May 11 20:00:38 UTC 2025
--- Copied files finished at Sun May 11 20:00:38 UTC 2025
--- Copying files at Sun May 11 20:04:46 UTC 2025
--- Copied files finished at Sun May 11 20:04:46 UTC 2025
--- Copying files at Sun May 11 21:35:58 UTC 2025
--- Copied files finished at Sun May 11 21:35:58 UTC 2025
